<?xml version="1.0" encoding="UTF-8"?>
<!-- Generated by org.testng.reporters.JUnitReportReporter -->
<testsuite hostname="LAPTOP-KNL22F4G" failures="0" tests="1" name="testPackage.LoginTestCase" time="12.782" errors="0" timestamp="2023-08-01T15:02:40 IST" skipped="0">
  <testcase classname="testPackage.LoginTestCase" name="inValidLoginMethod" time="12.782"/>
  <system-out>
    <![CDATA[This method failed taken ScreenShot : createUserMethod
This method failed taken ScreenShot : validloginMethod
This method failed taken ScreenShot : validloginMethod
This method failed taken ScreenShot : project_customerMethod
This method failed taken ScreenShot : createUserMethod
This method failed taken ScreenShot : project_customerMethod]]>
  </system-out>
</testsuite> <!-- testPackage.LoginTestCase -->
