<?xml version="1.0" encoding="UTF-8"?>
<!-- Generated by org.testng.reporters.JUnitReportReporter -->
<testsuite hostname="LAPTOP-KNL22F4G" failures="0" tests="1" name="testPackage.ValidLoginTestCase" time="5.333" errors="0" timestamp="2023-07-31T15:06:31 IST" skipped="0">
  <testcase classname="testPackage.ValidLoginTestCase" name="loginMethod" time="5.333"/>
</testsuite> <!-- testPackage.ValidLoginTestCase -->
