<?xml version="1.0" encoding="UTF-8"?>
<!-- Generated by org.testng.reporters.JUnitReportReporter -->
<testsuite hostname="LAPTOP-KNL22F4G" failures="0" tests="1" name="testNGExecution.Test3" time="7.046" errors="0" timestamp="2023-07-18T14:53:33 IST" skipped="0">
  <testcase classname="testNGExecution.Test3" name="test3Method" time="7.046"/>
</testsuite> <!-- testNGExecution.Test3 -->
