<?xml version="1.0" encoding="UTF-8"?>
<!-- Generated by org.testng.reporters.JUnitReportReporter -->
<testsuite hostname="LAPTOP-KNL22F4G" failures="0" tests="1" name="testNGExecution.Test2" time="5.213" errors="0" timestamp="2023-07-21T15:03:59 IST" skipped="0">
  <testcase classname="testNGExecution.Test2" name="test2Method" time="5.213"/>
</testsuite> <!-- testNGExecution.Test2 -->
