<?xml version="1.0" encoding="UTF-8"?>
<!-- Generated by org.testng.reporters.JUnitReportReporter -->
<testsuite hostname="LAPTOP-KNL22F4G" failures="0" tests="2" name="testNGExecution.TestMethod1" time="0.024" errors="0" timestamp="2023-07-18T15:05:31 IST" skipped="0">
  <testcase classname="testNGExecution.TestMethod1" name="testMethod2" time="0.012">
    <system-out>
      <![CDATA[thread id of testMethod2 :22]]>
    </system-out>
  </testcase> <!-- testMethod2 -->
  <testcase classname="testNGExecution.TestMethod1" name="testMethod1" time="0.012">
    <system-out>
      <![CDATA[thread id of testMethod1 :21]]>
    </system-out>
  </testcase> <!-- testMethod1 -->
  <system-out>
    <![CDATA[thread id of testMethod2 :22
thread id of testMethod3 :25
thread id of testMethod1 :21
thread id of testMethod6 :24
thread id of testMethod5 :23
thread id of testMethod4 :24]]>
  </system-out>
</testsuite> <!-- testNGExecution.TestMethod1 -->
