<?xml version="1.0" encoding="UTF-8"?>
<!-- Generated by org.testng.reporters.JUnitReportReporter -->
<testsuite hostname="LAPTOP-KNL22F4G" failures="0" tests="2" name="testNGExecution.Test1" time="12.308" errors="0" timestamp="2023-07-21T15:03:59 IST" skipped="0">
  <testcase classname="testNGExecution.Test1" name="test1Method" time="6.062"/>
  <testcase classname="testNGExecution.Test1" name="test1Method" time="6.246"/>
</testsuite> <!-- testNGExecution.Test1 -->
