<?xml version="1.0" encoding="UTF-8"?>
<!-- Generated by org.testng.reporters.JUnitReportReporter -->
<testsuite hostname="LAPTOP-KNL22F4G" failures="0" tests="2" name="testNGExecution.TestMethod3" time="0.026" errors="0" timestamp="2023-07-18T15:05:31 IST" skipped="0">
  <testcase classname="testNGExecution.TestMethod3" name="testMethod5" time="0.013">
    <system-out>
      <![CDATA[thread id of testMethod5 :23]]>
    </system-out>
  </testcase> <!-- testMethod5 -->
  <testcase classname="testNGExecution.TestMethod3" name="testMethod6" time="0.013">
    <system-out>
      <![CDATA[thread id of testMethod6 :24]]>
    </system-out>
  </testcase> <!-- testMethod6 -->
  <system-out>
    <![CDATA[thread id of testMethod2 :22
thread id of testMethod3 :25
thread id of testMethod1 :21
thread id of testMethod6 :24
thread id of testMethod5 :23
thread id of testMethod4 :24]]>
  </system-out>
</testsuite> <!-- testNGExecution.TestMethod3 -->
