<?xml version="1.0" encoding="UTF-8"?>
<!-- Generated by org.testng.reporters.JUnitReportReporter -->
<testsuite hostname="LAPTOP-KNL22F4G" failures="0" tests="3" name="testNGAnnotation_Flags.GoogleSearchTestCase" time="14.532" errors="0" timestamp="2023-07-20T15:09:31 IST" skipped="0">
  <testcase classname="testNGAnnotation_Flags.GoogleSearchTestCase" name="search1" time="4.607"/>
  <testcase classname="testNGAnnotation_Flags.GoogleSearchTestCase" name="search2" time="4.505"/>
  <testcase classname="testNGAnnotation_Flags.GoogleSearchTestCase" name="search3" time="5.420"/>
</testsuite> <!-- testNGAnnotation_Flags.GoogleSearchTestCase -->
