<?xml version="1.0" encoding="UTF-8"?>
<!-- Generated by org.testng.reporters.JUnitReportReporter -->
<testsuite hostname="LAPTOP-KNL22F4G" failures="0" tests="3" name="testNGPackage.TestCase" time="5.917" errors="0" timestamp="2023-07-25T15:13:33 IST" skipped="0">
  <testcase classname="testNGPackage.TestCase" name="createUser" time="2.848">
    <system-out>
      <![CDATA[Test Started!!
Test executed successfully!!!!]]>
    </system-out>
  </testcase> <!-- createUser -->
  <testcase classname="testNGPackage.TestCase" name="loginMethod" time="1.642">
    <system-out>
      <![CDATA[Test Started!!
Test executed successfully!!!!]]>
    </system-out>
  </testcase> <!-- loginMethod -->
  <testcase classname="testNGPackage.TestCase" name="logout" time="1.427">
    <system-out>
      <![CDATA[Test Started!!
Test executed successfully!!!!]]>
    </system-out>
  </testcase> <!-- logout -->
  <system-out>
    <![CDATA[Test actual Started!!
Test Started!!
Test executed successfully!!!!
Test Started!!
Test executed successfully!!!!
Test Started!!
Test executed successfully!!!!]]>
  </system-out>
</testsuite> <!-- testNGPackage.TestCase -->
