<?xml version="1.0" encoding="UTF-8"?>
<!-- Generated by org.testng.reporters.JUnitReportReporter -->
<testsuite hostname="LAPTOP-KNL22F4G" failures="0" tests="1" name="tesNGPack2.Demo2" time="0.013" errors="0" timestamp="2023-07-18T14:34:53 IST" skipped="0">
  <testcase classname="tesNGPack2.Demo2" name="method4" time="0.013">
    <system-out>
      <![CDATA[This is method4]]>
    </system-out>
  </testcase> <!-- method4 -->
  <system-out>
    <![CDATA[This is method4]]>
  </system-out>
</testsuite> <!-- tesNGPack2.Demo2 -->
