<?xml version="1.0" encoding="UTF-8"?>
<!-- Generated by org.testng.reporters.JUnitReportReporter -->
<testsuite hostname="LAPTOP-KNL22F4G" failures="0" tests="2" name="testNGExecution.SelectBrowser" time="7.285" errors="0" timestamp="2023-07-19T14:54:35 IST" skipped="0">
  <testcase classname="testNGExecution.SelectBrowser" name="testParallelMethod" time="2.208"/>
  <testcase classname="testNGExecution.SelectBrowser" name="testParallelMethod" time="5.077"/>
</testsuite> <!-- testNGExecution.SelectBrowser -->
