<?xml version="1.0" encoding="UTF-8"?>
<!-- Generated by org.testng.reporters.JUnitReportReporter -->
<testsuite hostname="LAPTOP-KNL22F4G" failures="0" tests="1" name="testNGExecution.Test1" time="7.094" errors="0" timestamp="2023-07-18T14:53:33 IST" skipped="0">
  <testcase classname="testNGExecution.Test1" name="test1Method" time="7.094"/>
</testsuite> <!-- testNGExecution.Test1 -->
