<?xml version="1.0" encoding="UTF-8"?>
<!-- Generated by org.testng.reporters.JUnitReportReporter -->
<testsuite hostname="LAPTOP-KNL22F4G" failures="0" tests="3" name="testNGAnnotation_Flags.Flag5" time="0.014" errors="0" timestamp="2023-07-22T15:07:22 IST" skipped="0">
  <testcase classname="testNGAnnotation_Flags.Flag5" name="createUserMethod" time="0.001"/>
  <testcase classname="testNGAnnotation_Flags.Flag5" name="loginMethod" time="0.011"/>
  <testcase classname="testNGAnnotation_Flags.Flag5" name="logoutMethod" time="0.002"/>
</testsuite> <!-- testNGAnnotation_Flags.Flag5 -->
