<?xml version="1.0" encoding="UTF-8"?>
<!-- Generated by org.testng.reporters.JUnitReportReporter -->
<testsuite hostname="LAPTOP-KNL22F4G" failures="0" tests="2" name="tesNGPack2.Demo3" time="0.016" errors="0" timestamp="2023-07-18T14:30:55 IST" skipped="0">
  <testcase classname="tesNGPack2.Demo3" name="method6" time="0.002">
    <system-out>
      <![CDATA[This is method6]]>
    </system-out>
  </testcase> <!-- method6 -->
  <testcase classname="tesNGPack2.Demo3" name="method5" time="0.014">
    <system-out>
      <![CDATA[This is method5]]>
    </system-out>
  </testcase> <!-- method5 -->
  <system-out>
    <![CDATA[This is method5
This is method6
This is method1
This is method2
This is method3]]>
  </system-out>
</testsuite> <!-- tesNGPack2.Demo3 -->
