<?xml version="1.0" encoding="UTF-8"?>
<!-- Generated by org.testng.reporters.JUnitReportReporter -->
<testsuite hostname="LAPTOP-KNL22F4G" failures="0" tests="2" name="testNGAnnotation_Flags.Flag1" time="0.013" errors="0" timestamp="2023-07-20T15:15:15 IST" skipped="0">
  <testcase classname="testNGAnnotation_Flags.Flag1" name="method1" time="0.011">
    <system-out>
      <![CDATA[method1 From flag1]]>
    </system-out>
  </testcase> <!-- method1 -->
  <testcase classname="testNGAnnotation_Flags.Flag1" name="method2" time="0.002">
    <system-out>
      <![CDATA[method2 From flag1]]>
    </system-out>
  </testcase> <!-- method2 -->
  <system-out>
    <![CDATA[method1 From flag1
method2 From flag1]]>
  </system-out>
</testsuite> <!-- testNGAnnotation_Flags.Flag1 -->
