<?xml version="1.0" encoding="UTF-8"?>
<!-- Generated by org.testng.reporters.JUnitReportReporter -->
<testsuite hostname="LAPTOP-KNL22F4G" failures="0" tests="1" name="testNGPackage.Demo" time="0.008" errors="0" timestamp="2023-07-15T15:41:58 IST" skipped="0">
  <testcase classname="testNGPackage.Demo" name="f" time="0.008">
    <system-out>
      <![CDATA[This is Demo TestNG Class!!]]>
    </system-out>
  </testcase> <!-- f -->
  <system-out>
    <![CDATA[This is Demo TestNG Class!!
This is Remo TestNG Class!!
This is Sumo TestNG Class!!]]>
  </system-out>
</testsuite> <!-- testNGPackage.Demo -->
