<?xml version="1.0" encoding="UTF-8"?>
<!-- Generated by org.testng.reporters.JUnitReportReporter -->
<testsuite hostname="LAPTOP-KNL22F4G" failures="0" tests="2" name="tesNGPack2.Demo1" time="0.003" errors="0" timestamp="2023-07-18T14:30:55 IST" skipped="0">
  <testcase classname="tesNGPack2.Demo1" name="method2" time="0.001">
    <system-out>
      <![CDATA[This is method2]]>
    </system-out>
  </testcase> <!-- method2 -->
  <testcase classname="tesNGPack2.Demo1" name="method1" time="0.002">
    <system-out>
      <![CDATA[This is method1]]>
    </system-out>
  </testcase> <!-- method1 -->
  <system-out>
    <![CDATA[This is method5
This is method6
This is method1
This is method2
This is method3]]>
  </system-out>
</testsuite> <!-- tesNGPack2.Demo1 -->
