<?xml version="1.0" encoding="UTF-8"?>
<!-- Generated by org.testng.reporters.JUnitReportReporter -->
<testsuite hostname="LAPTOP-KNL22F4G" failures="0" tests="2" name="testNGExecution.TestMethod2" time="0.016" errors="0" timestamp="2023-07-18T15:05:31 IST" skipped="0">
  <testcase classname="testNGExecution.TestMethod2" name="testMethod4" time="0.004">
    <system-out>
      <![CDATA[thread id of testMethod4 :24]]>
    </system-out>
  </testcase> <!-- testMethod4 -->
  <testcase classname="testNGExecution.TestMethod2" name="testMethod3" time="0.012">
    <system-out>
      <![CDATA[thread id of testMethod3 :25]]>
    </system-out>
  </testcase> <!-- testMethod3 -->
  <system-out>
    <![CDATA[thread id of testMethod2 :22
thread id of testMethod3 :25
thread id of testMethod1 :21
thread id of testMethod6 :24
thread id of testMethod5 :23
thread id of testMethod4 :24]]>
  </system-out>
</testsuite> <!-- testNGExecution.TestMethod2 -->
