<?xml version="1.0" encoding="UTF-8"?>
<!-- Generated by org.testng.reporters.JUnitReportReporter -->
<testsuite hostname="LAPTOP-KNL22F4G" failures="0" tests="2" name="testNGAnnotation_Flags.Flag2" time="0.014" errors="0" timestamp="2023-07-20T15:26:15 IST" skipped="0">
  <testcase classname="testNGAnnotation_Flags.Flag2" name="method1" time="0.011">
    <system-out>
      <![CDATA[Method1 from falg2]]>
    </system-out>
  </testcase> <!-- method1 -->
  <testcase classname="testNGAnnotation_Flags.Flag2" name="method2" time="0.003">
    <system-out>
      <![CDATA[Method2 from flag2 ]]>
    </system-out>
  </testcase> <!-- method2 -->
  <system-out>
    <![CDATA[Method1 from falg2
Method2 from flag2 ]]>
  </system-out>
</testsuite> <!-- testNGAnnotation_Flags.Flag2 -->
