<?xml version="1.0" encoding="UTF-8"?>
<!-- Generated by org.testng.reporters.JUnitReportReporter -->
<testsuite hostname="LAPTOP-KNL22F4G" failures="0" tests="1" name="testPackage.TaskTestCase" time="5.775" errors="0" timestamp="2023-08-03T16:03:51 IST" skipped="0">
  <testcase classname="testPackage.TaskTestCase" name="project_customerMethod" time="5.775"/>
</testsuite> <!-- testPackage.TaskTestCase -->
