<?xml version="1.0" encoding="UTF-8"?>
<!-- Generated by org.testng.reporters.JUnitReportReporter -->
<testsuite hostname="LAPTOP-KNL22F4G" failures="0" tests="1" name="testPackage.UserTestCase" time="8.936" errors="0" timestamp="2023-08-03T16:04:16 IST" skipped="0">
  <testcase classname="testPackage.UserTestCase" name="createUserMethod" time="8.936"/>
</testsuite> <!-- testPackage.UserTestCase -->
